c:\vulkan projects\vulkancustomrenderer\vulkancourseapp\x64\debug\vc143.pdb
c:\vulkan projects\vulkancustomrenderer\vulkancourseapp\x64\debug\vc143.idb
c:\vulkan projects\vulkancustomrenderer\vulkancourseapp\x64\debug\vulkanrenderer.obj
c:\vulkan projects\vulkancustomrenderer\vulkancourseapp\x64\debug\meshmodel.obj
c:\vulkan projects\vulkancustomrenderer\vulkancourseapp\x64\debug\mesh.obj
c:\vulkan projects\vulkancustomrenderer\vulkancourseapp\x64\debug\main.obj
c:\vulkan projects\vulkancustomrenderer\x64\debug\vulkancustomrenderer.exe
c:\vulkan projects\vulkancustomrenderer\x64\debug\vulkancustomrenderer.pdb
c:\vulkan projects\vulkancustomrenderer\vulkancourseapp\x64\debug\vulkancustomrenderer.ilk
c:\vulkan projects\vulkancustomrenderer\vulkancustomrenderer\x64\debug\main.obj
c:\vulkan projects\vulkancustomrenderer\vulkancustomrenderer\x64\debug\mesh.obj
c:\vulkan projects\vulkancustomrenderer\vulkancustomrenderer\x64\debug\meshmodel.obj
c:\vulkan projects\vulkancustomrenderer\vulkancustomrenderer\x64\debug\vulkanrenderer.obj
c:\vulkan projects\vulkancustomrenderer\vulkancustomrenderer\x64\debug\vulkancourseapp.ilk
c:\vulkan projects\vulkancustomrenderer\vulkancustomrenderer\x64\debug\vulkancustomrenderer.ilk
c:\vulkan projects\vulkancustomrenderer\vulkancustomrenderer\x64\debug\vc143.idb
c:\vulkan projects\vulkancustomrenderer\vulkancustomrenderer\x64\debug\vc143.pdb
c:\vulkan projects\vulkancustomrenderer\vulkancustomrenderer\x64\debug\vulkancu.3a8459a8.tlog\cl.command.1.tlog
c:\vulkan projects\vulkancustomrenderer\vulkancustomrenderer\x64\debug\vulkancu.3a8459a8.tlog\cl.items.tlog
c:\vulkan projects\vulkancustomrenderer\vulkancustomrenderer\x64\debug\vulkancu.3a8459a8.tlog\cl.read.1.tlog
c:\vulkan projects\vulkancustomrenderer\vulkancustomrenderer\x64\debug\vulkancu.3a8459a8.tlog\cl.write.1.tlog
c:\vulkan projects\vulkancustomrenderer\vulkancustomrenderer\x64\debug\vulkancu.3a8459a8.tlog\link.command.1.tlog
c:\vulkan projects\vulkancustomrenderer\vulkancustomrenderer\x64\debug\vulkancu.3a8459a8.tlog\link.read.1.tlog
c:\vulkan projects\vulkancustomrenderer\vulkancustomrenderer\x64\debug\vulkancu.3a8459a8.tlog\link.secondary.1.tlog
c:\vulkan projects\vulkancustomrenderer\vulkancustomrenderer\x64\debug\vulkancu.3a8459a8.tlog\link.write.1.tlog
